<?xml version="1.0" encoding="UTF-8"?>
<testng-results ignored="0" total="1" passed="1" failed="0" skipped="0">
  <reporter-output>
  </reporter-output>
  <suite started-at="2022-12-20T15:50:47 IST" name="Suite" finished-at="2022-12-20T15:51:07 IST" duration-ms="20062">
    <groups>
    </groups>
    <test started-at="2022-12-20T15:50:47 IST" name="Test" finished-at="2022-12-20T15:51:07 IST" duration-ms="20062">
      <class name="GoogleTest">
        <test-method signature="HomePageCheck()[pri:0, instance:GoogleTest@52102734]" started-at="2022-12-20T15:50:47 IST" name="HomePageCheck" finished-at="2022-12-20T15:51:07 IST" duration-ms="20031" status="PASS">
          <reporter-output>
          </reporter-output>
        </test-method> <!-- HomePageCheck -->
      </class> <!-- GoogleTest -->
    </test> <!-- Test -->
  </suite> <!-- Suite -->
</testng-results>
